<?xml version="1.0" encoding="UTF-8" standalone="yes"?><!DOCTYPE report PUBLIC "-//JACOCO//DTD Report 1.1//EN" "report.dtd"><report name="statistics"><sessioninfo id="DESKTOP-HGUSBUQ-1d2f4648" start="1636560826290" dump="1636560826911"/><sessioninfo id="DESKTOP-HGUSBUQ-78f55660" start="1636561067588" dump="1636561068189"/><sessioninfo id="DESKTOP-HGUSBUQ-b64375ca" start="1636561076733" dump="1636561077322"/><sessioninfo id="DESKTOP-HGUSBUQ-442a8ab9" start="1636561086636" dump="1636561087233"/><sessioninfo id="DESKTOP-HGUSBUQ-2cdda9ce" start="1636561221991" dump="1636561222589"/><sessioninfo id="DESKTOP-HGUSBUQ-f1f6adf2" start="1636561306268" dump="1636561306872"/><sessioninfo id="DESKTOP-HGUSBUQ-524528f9" start="1636561311166" dump="1636561311772"/><sessioninfo id="DESKTOP-HGUSBUQ-c4d2200c" start="1636561320780" dump="1636561321452"/><sessioninfo id="DESKTOP-HGUSBUQ-5b273b84" start="1637959430244" dump="1637959430861"/><sessioninfo id="DESKTOP-HGUSBUQ-66dbe63" start="1637959500344" dump="1637959500912"/><sessioninfo id="DESKTOP-HGUSBUQ-6f4abfc8" start="1637959602258" dump="1637959602847"/><sessioninfo id="DESKTOP-HGUSBUQ-268651b6" start="1637959668676" dump="1637959669282"/><sessioninfo id="DESKTOP-HGUSBUQ-fa5f8820" start="1637959743268" dump="1637959743856"/><sessioninfo id="DESKTOP-HGUSBUQ-586efb99" start="1637959811852" dump="1637959812444"/><sessioninfo id="DESKTOP-HGUSBUQ-7ef3e103" start="1637959937612" dump="1637959938191"/><sessioninfo id="DESKTOP-HGUSBUQ-cb78058a" start="1637959949529" dump="1637959950128"/><sessioninfo id="DESKTOP-HGUSBUQ-a3898b5b" start="1637960139272" dump="1637960139883"/><sessioninfo id="DESKTOP-HGUSBUQ-f522526d" start="1637960240709" dump="1637960241347"/><sessioninfo id="DESKTOP-HGUSBUQ-25a27d62" start="1637960361529" dump="1637960362199"/><sessioninfo id="DESKTOP-HGUSBUQ-ce5ad98a" start="1637960453611" dump="1637960454242"/><sessioninfo id="DESKTOP-HGUSBUQ-719b6ed9" start="1637960526714" dump="1637960527458"/><sessioninfo id="DESKTOP-HGUSBUQ-57b43ec6" start="1637960608060" dump="1637960608667"/><sessioninfo id="DESKTOP-HGUSBUQ-c4a4e2ea" start="1637960678788" dump="1637960679359"/><sessioninfo id="DESKTOP-HGUSBUQ-68e61c81" start="1637960683846" dump="1637960684433"/><sessioninfo id="DESKTOP-HGUSBUQ-14656403" start="1637960688835" dump="1637960689417"/><sessioninfo id="DESKTOP-HGUSBUQ-33d3e13" start="1637960917106" dump="1637960917703"/><sessioninfo id="DESKTOP-HGUSBUQ-6ffa531c" start="1637960955254" dump="1637960955840"/><sessioninfo id="DESKTOP-HGUSBUQ-1b1f17fd" start="1637960958998" dump="1637960959567"/><sessioninfo id="DESKTOP-HGUSBUQ-ed5cd90f" start="1637960965545" dump="1637960966142"/><sessioninfo id="DESKTOP-HGUSBUQ-de703408" start="1637960976304" dump="1637960976894"/><sessioninfo id="DESKTOP-HGUSBUQ-a1362b7d" start="1637961173437" dump="1637961174027"/><sessioninfo id="DESKTOP-HGUSBUQ-2fec3b9b" start="1637961178889" dump="1637961179463"/><sessioninfo id="DESKTOP-HGUSBUQ-fe24b788" start="1637961184918" dump="1637961185500"/><sessioninfo id="DESKTOP-HGUSBUQ-a659b321" start="1637961246814" dump="1637961247411"/><sessioninfo id="DESKTOP-HGUSBUQ-5f251998" start="1637961252393" dump="1637961252970"/><sessioninfo id="DESKTOP-HGUSBUQ-7a9202ff" start="1637961258855" dump="1637961259430"/><sessioninfo id="DESKTOP-HGUSBUQ-abac0237" start="1637961582811" dump="1637961583395"/><sessioninfo id="DESKTOP-HGUSBUQ-bd51361b" start="1637961587444" dump="1637961588022"/><sessioninfo id="DESKTOP-HGUSBUQ-e49f0c6" start="1637961597054" dump="1637961597652"/><sessioninfo id="DESKTOP-HGUSBUQ-5b8c4a10" start="1637961742643" dump="1637961743235"/><sessioninfo id="DESKTOP-HGUSBUQ-35aa6332" start="1637961748769" dump="1637961749350"/><sessioninfo id="DESKTOP-HGUSBUQ-28ecd2b7" start="1637961754582" dump="1637961755166"/><sessioninfo id="DESKTOP-HGUSBUQ-8c5f85c0" start="1637961832799" dump="1637961833394"/><sessioninfo id="DESKTOP-HGUSBUQ-11a3da4e" start="1637961921787" dump="1637961922378"/><sessioninfo id="DESKTOP-HGUSBUQ-d21a9982" start="1637961932061" dump="1637961932658"/><sessioninfo id="DESKTOP-HGUSBUQ-960b722a" start="1637962028960" dump="1637962029573"/><sessioninfo id="DESKTOP-HGUSBUQ-8f9b7c55" start="1637962105829" dump="1637962106407"/><sessioninfo id="DESKTOP-HGUSBUQ-bb774c9b" start="1637962110593" dump="1637962111190"/><sessioninfo id="DESKTOP-HGUSBUQ-b872283b" start="1637962115810" dump="1637962116465"/><sessioninfo id="DESKTOP-HGUSBUQ-cf8299d9" start="1637962323493" dump="1637962324066"/><sessioninfo id="DESKTOP-HGUSBUQ-bb916931" start="1637962327293" dump="1637962327883"/><sessioninfo id="DESKTOP-HGUSBUQ-209ea68b" start="1637962333400" dump="1637962334010"/><sessioninfo id="DESKTOP-HGUSBUQ-7f71cf37" start="1637962405069" dump="1637962405679"/><sessioninfo id="DESKTOP-HGUSBUQ-b82c6de9" start="1637962427195" dump="1637962427803"/><sessioninfo id="DESKTOP-HGUSBUQ-1b17147f" start="1637962442208" dump="1637962442824"/><sessioninfo id="DESKTOP-HGUSBUQ-9c34ca23" start="1637962449548" dump="1637962450201"/><sessioninfo id="DESKTOP-HGUSBUQ-cc5b2e38" start="1637962465640" dump="1637962466211"/><sessioninfo id="DESKTOP-HGUSBUQ-7a989456" start="1637962471887" dump="1637962472471"/><sessioninfo id="DESKTOP-HGUSBUQ-13e268ed" start="1637962620939" dump="1637962621570"/><sessioninfo id="DESKTOP-HGUSBUQ-5915e4ae" start="1637962626055" dump="1637962626679"/><sessioninfo id="DESKTOP-HGUSBUQ-283f46fe" start="1637962631744" dump="1637962632326"/><sessioninfo id="DESKTOP-HGUSBUQ-55c1b55d" start="1637962727550" dump="1637962728156"/><sessioninfo id="DESKTOP-HGUSBUQ-92d9e4c5" start="1637962733614" dump="1637962734180"/><sessioninfo id="DESKTOP-HGUSBUQ-3d4ed4fe" start="1637962740427" dump="1637962741014"/><sessioninfo id="DESKTOP-HGUSBUQ-65f182f2" start="1637962909894" dump="1637962910486"/><sessioninfo id="DESKTOP-HGUSBUQ-4ed46072" start="1637962917821" dump="1637962918429"/><sessioninfo id="DESKTOP-HGUSBUQ-9261fcf2" start="1637962923192" dump="1637962923766"/><sessioninfo id="DESKTOP-HGUSBUQ-ffe2122a" start="1637963007229" dump="1637963007814"/><sessioninfo id="DESKTOP-HGUSBUQ-1dba9bdc" start="1637963012832" dump="1637963013414"/><sessioninfo id="DESKTOP-HGUSBUQ-7b634d44" start="1637963018873" dump="1637963019487"/><sessioninfo id="DESKTOP-HGUSBUQ-34fb3a1d" start="1637963174482" dump="1637963175098"/><sessioninfo id="DESKTOP-HGUSBUQ-c94d5ace" start="1637963206384" dump="1637963207003"/><sessioninfo id="DESKTOP-HGUSBUQ-21fea9dc" start="1637963573118" dump="1637963573753"/><sessioninfo id="DESKTOP-HGUSBUQ-c52b6b94" start="1637963578084" dump="1637963578670"/><sessioninfo id="DESKTOP-HGUSBUQ-4947674c" start="1637963583472" dump="1637963584047"/><sessioninfo id="DESKTOP-HGUSBUQ-78220585" start="1637963748128" dump="1637963748751"/><sessioninfo id="DESKTOP-HGUSBUQ-d61ad3f7" start="1637963951549" dump="1637963952156"/><sessioninfo id="DESKTOP-HGUSBUQ-a515b44" start="1637963957651" dump="1637963958256"/><sessioninfo id="DESKTOP-HGUSBUQ-83af6610" start="1637963972061" dump="1637963972644"/><sessioninfo id="DESKTOP-HGUSBUQ-5685a17b" start="1637964079279" dump="1637964079871"/><sessioninfo id="DESKTOP-HGUSBUQ-20cb06f7" start="1637964130355" dump="1637964130936"/><sessioninfo id="DESKTOP-HGUSBUQ-bc6c7456" start="1637964134843" dump="1637964135458"/><sessioninfo id="DESKTOP-HGUSBUQ-be6ae2d6" start="1637964140553" dump="1637964141148"/><sessioninfo id="DESKTOP-HGUSBUQ-ae2a2f76" start="1637964241945" dump="1637964242563"/><sessioninfo id="DESKTOP-HGUSBUQ-cc658c75" start="1637964268679" dump="1637964269272"/><sessioninfo id="DESKTOP-HGUSBUQ-ebd63b05" start="1637964296654" dump="1637964297273"/><sessioninfo id="DESKTOP-HGUSBUQ-f50d7af8" start="1637964302519" dump="1637964303117"/><sessioninfo id="DESKTOP-HGUSBUQ-4cd324bf" start="1637964308135" dump="1637964308774"/><sessioninfo id="DESKTOP-HGUSBUQ-a9cae7fc" start="1637964382118" dump="1637964382744"/><sessioninfo id="DESKTOP-HGUSBUQ-bafebbde" start="1637964387846" dump="1637964388460"/><sessioninfo id="DESKTOP-HGUSBUQ-e4b7538b" start="1637964393212" dump="1637964393817"/><sessioninfo id="DESKTOP-HGUSBUQ-d516f70c" start="1637964463316" dump="1637964463915"/><sessioninfo id="DESKTOP-HGUSBUQ-afdd6e5a" start="1637964516578" dump="1637964517155"/><sessioninfo id="DESKTOP-HGUSBUQ-5f8781b7" start="1637964522488" dump="1637964523080"/><sessioninfo id="DESKTOP-HGUSBUQ-6039a602" start="1637964530338" dump="1637964530941"/><sessioninfo id="DESKTOP-HGUSBUQ-52087492" start="1637964653968" dump="1637964654578"/><sessioninfo id="DESKTOP-HGUSBUQ-6486939f" start="1637965106220" dump="1637965106799"/><sessioninfo id="DESKTOP-HGUSBUQ-396865d8" start="1637965111006" dump="1637965111603"/><sessioninfo id="DESKTOP-HGUSBUQ-9c29e9e9" start="1637965116343" dump="1637965116936"/><sessioninfo id="DESKTOP-HGUSBUQ-fce97192" start="1637965122765" dump="1637965123357"/><sessioninfo id="DESKTOP-HGUSBUQ-b00f522e" start="1637965246110" dump="1637965246714"/><sessioninfo id="DESKTOP-HGUSBUQ-ead8f02d" start="1637965535064" dump="1637965535671"/><sessioninfo id="DESKTOP-HGUSBUQ-f075aea2" start="1637965654482" dump="1637965655106"/><sessioninfo id="DESKTOP-HGUSBUQ-40eb153c" start="1637965897367" dump="1637965897972"/><sessioninfo id="DESKTOP-HGUSBUQ-29aee5b7" start="1637965916493" dump="1637965917081"/><sessioninfo id="DESKTOP-HGUSBUQ-9cfd5036" start="1637965921291" dump="1637965921869"/><sessioninfo id="DESKTOP-HGUSBUQ-76da789f" start="1637965926857" dump="1637965927447"/><sessioninfo id="DESKTOP-HGUSBUQ-402f0fd3" start="1637965977040" dump="1637965977810"/><sessioninfo id="DESKTOP-HGUSBUQ-ca43d8d" start="1637965979482" dump="1637965980088"/><sessioninfo id="DESKTOP-HGUSBUQ-3da60744" start="1637965984411" dump="1637965985074"/><sessioninfo id="DESKTOP-HGUSBUQ-bb183ce2" start="1637966004119" dump="1637966004717"/><sessioninfo id="DESKTOP-HGUSBUQ-3e4edc96" start="1637966257141" dump="1637966257747"/><sessioninfo id="DESKTOP-HGUSBUQ-4a9da03a" start="1637966261936" dump="1637966262533"/><sessioninfo id="DESKTOP-HGUSBUQ-9ca26a24" start="1637966268505" dump="1637966269145"/><sessioninfo id="DESKTOP-HGUSBUQ-c5b07df9" start="1637966367888" dump="1637966368487"/><sessioninfo id="DESKTOP-HGUSBUQ-3fc187ed" start="1637967262379" dump="1637967263037"/><sessioninfo id="DESKTOP-HGUSBUQ-b4d0edc6" start="1637967265841" dump="1637967266447"/><sessioninfo id="DESKTOP-HGUSBUQ-1694b48d" start="1637967272662" dump="1637967273301"/><sessioninfo id="DESKTOP-HGUSBUQ-2d36e8d2" start="1637967536838" dump="1637967537436"/><sessioninfo id="DESKTOP-HGUSBUQ-905aa590" start="1637967542337" dump="1637967542921"/><sessioninfo id="DESKTOP-HGUSBUQ-e3509a89" start="1637967549004" dump="1637967549599"/><sessioninfo id="DESKTOP-HGUSBUQ-1949915e" start="1637967724015" dump="1637967724651"/><sessioninfo id="DESKTOP-HGUSBUQ-4bf06fd7" start="1637967728771" dump="1637967729356"/><sessioninfo id="DESKTOP-HGUSBUQ-ebd0cb4" start="1637967736468" dump="1637967737083"/><sessioninfo id="DESKTOP-HGUSBUQ-80a62ffd" start="1637967814850" dump="1637967815437"/><sessioninfo id="DESKTOP-HGUSBUQ-e919e031" start="1637967825967" dump="1637967826625"/><sessioninfo id="DESKTOP-HGUSBUQ-dfd9a43a" start="1637967916046" dump="1637967916712"/><sessioninfo id="DESKTOP-HGUSBUQ-e6642ce6" start="1637967983098" dump="1637967983678"/><sessioninfo id="DESKTOP-HGUSBUQ-cc32c9d0" start="1637967987066" dump="1637967987655"/><sessioninfo id="DESKTOP-HGUSBUQ-27867aea" start="1637967993005" dump="1637967993701"/><sessioninfo id="DESKTOP-HGUSBUQ-7af3b75e" start="1637968057707" dump="1637968058316"/><sessioninfo id="DESKTOP-HGUSBUQ-9dc1d4eb" start="1637968344906" dump="1637968345548"/><sessioninfo id="DESKTOP-HGUSBUQ-96cacc7d" start="1637968693893" dump="1637968694508"/><sessioninfo id="DESKTOP-HGUSBUQ-11e62359" start="1637968700278" dump="1637968700856"/><sessioninfo id="DESKTOP-HGUSBUQ-efac43da" start="1637968706271" dump="1637968706935"/><sessioninfo id="DESKTOP-HGUSBUQ-a7fca248" start="1637968811081" dump="1637968811717"/><sessioninfo id="DESKTOP-HGUSBUQ-1d552313" start="1637968820966" dump="1637968821547"/><sessioninfo id="DESKTOP-HGUSBUQ-842bb0e" start="1637968826527" dump="1637968827111"/><sessioninfo id="DESKTOP-HGUSBUQ-4c1d9f95" start="1637968833066" dump="1637968833649"/><sessioninfo id="DESKTOP-HGUSBUQ-4cec2a0f" start="1637968962617" dump="1637968963207"/><sessioninfo id="DESKTOP-HGUSBUQ-797cae2e" start="1637968968310" dump="1637968968905"/><sessioninfo id="DESKTOP-HGUSBUQ-98ab1f6d" start="1637969095065" dump="1637969095660"/><sessioninfo id="DESKTOP-HGUSBUQ-a04e1e47" start="1637969101162" dump="1637969101753"/><sessioninfo id="DESKTOP-HGUSBUQ-e9944b67" start="1637969107396" dump="1637969107993"/><sessioninfo id="DESKTOP-HGUSBUQ-f787e067" start="1637969288668" dump="1637969289255"/><sessioninfo id="DESKTOP-HGUSBUQ-ce6ce5cb" start="1637969292483" dump="1637969293072"/><sessioninfo id="DESKTOP-HGUSBUQ-56a08e18" start="1637969298063" dump="1637969298652"/><sessioninfo id="DESKTOP-HGUSBUQ-3d754db5" start="1637969334851" dump="1637969335504"/><sessioninfo id="DESKTOP-HGUSBUQ-ccb1dd0a" start="1637969341605" dump="1637969342186"/><sessioninfo id="DESKTOP-HGUSBUQ-acff53e0" start="1637969347928" dump="1637969348519"/><sessioninfo id="DESKTOP-HGUSBUQ-d01e1678" start="1637969353881" dump="1637969354461"/><sessioninfo id="DESKTOP-HGUSBUQ-1d1e1e78" start="1637969400849" dump="1637969401441"/><sessioninfo id="DESKTOP-HGUSBUQ-83800003" start="1637969407325" dump="1637969407911"/><package name="ru/netology/statistic"><class name="ru/netology/statistic/Radionew" sourcefilename="Radionew.java"><method name="&lt;init&gt;" desc="()V" line="3"><counter type="INSTRUCTION" missed="0" covered="3"/><counter type="LINE" missed="0" covered="1"/><counter type="COMPLEXITY" missed="0" covered="1"/><counter type="METHOD" missed="0" covered="1"/></method><method name="getCurrentVolume" desc="()I" line="8"><counter type="INSTRUCTION" missed="0" covered="3"/><counter type="LINE" missed="0" covered="1"/><counter type="COMPLEXITY" missed="0" covered="1"/><counter type="METHOD" missed="0" covered="1"/></method><method name="setCurrentVolume" desc="(I)V" line="12"><counter type="INSTRUCTION" missed="0" covered="14"/><counter type="BRANCH" missed="0" covered="4"/><counter type="LINE" missed="0" covered="6"/><counter type="COMPLEXITY" missed="0" covered="3"/><counter type="METHOD" missed="0" covered="1"/></method><method name="increaseVolume" desc="()V" line="22"><counter type="INSTRUCTION" missed="0" covered="19"/><counter type="BRANCH" missed="0" covered="4"/><counter type="LINE" missed="0" covered="5"/><counter type="COMPLEXITY" missed="0" covered="3"/><counter type="METHOD" missed="0" covered="1"/></method><method name="reduceVolume" desc="()V" line="30"><counter type="INSTRUCTION" missed="0" covered="15"/><counter type="BRANCH" missed="0" covered="2"/><counter type="LINE" missed="0" covered="4"/><counter type="COMPLEXITY" missed="0" covered="2"/><counter type="METHOD" missed="0" covered="1"/></method><method name="getMaxVolume" desc="()I" line="36"><counter type="INSTRUCTION" missed="0" covered="2"/><counter type="LINE" missed="0" covered="1"/><counter type="COMPLEXITY" missed="0" covered="1"/><counter type="METHOD" missed="0" covered="1"/></method><method name="getMinVolume" desc="()I" line="40"><counter type="INSTRUCTION" missed="0" covered="2"/><counter type="LINE" missed="0" covered="1"/><counter type="COMPLEXITY" missed="0" covered="1"/><counter type="METHOD" missed="0" covered="1"/></method><method name="getCurrentStation" desc="()I" line="47"><counter type="INSTRUCTION" missed="0" covered="3"/><counter type="LINE" missed="0" covered="1"/><counter type="COMPLEXITY" missed="0" covered="1"/><counter type="METHOD" missed="0" covered="1"/></method><method name="setCurrentStation" desc="(I)V" line="51"><counter type="INSTRUCTION" missed="0" covered="14"/><counter type="BRANCH" missed="0" covered="4"/><counter type="LINE" missed="0" covered="6"/><counter type="COMPLEXITY" missed="0" covered="3"/><counter type="METHOD" missed="0" covered="1"/></method><method name="increaseStation" desc="()V" line="61"><counter type="INSTRUCTION" missed="0" covered="19"/><counter type="BRANCH" missed="0" covered="4"/><counter type="LINE" missed="0" covered="5"/><counter type="COMPLEXITY" missed="0" covered="3"/><counter type="METHOD" missed="0" covered="1"/></method><method name="reduceStation" desc="()V" line="68"><counter type="INSTRUCTION" missed="0" covered="15"/><counter type="BRANCH" missed="0" covered="2"/><counter type="LINE" missed="0" covered="4"/><counter type="COMPLEXITY" missed="0" covered="2"/><counter type="METHOD" missed="0" covered="1"/></method><method name="getMaxStation" desc="()I" line="75"><counter type="INSTRUCTION" missed="0" covered="2"/><counter type="LINE" missed="0" covered="1"/><counter type="COMPLEXITY" missed="0" covered="1"/><counter type="METHOD" missed="0" covered="1"/></method><method name="getMinStation" desc="()I" line="79"><counter type="INSTRUCTION" missed="0" covered="2"/><counter type="LINE" missed="0" covered="1"/><counter type="COMPLEXITY" missed="0" covered="1"/><counter type="METHOD" missed="0" covered="1"/></method><counter type="INSTRUCTION" missed="0" covered="113"/><counter type="BRANCH" missed="0" covered="20"/><counter type="LINE" missed="0" covered="37"/><counter type="COMPLEXITY" missed="0" covered="23"/><counter type="METHOD" missed="0" covered="13"/><counter type="CLASS" missed="0" covered="1"/></class><sourcefile name="Radionew.java"><line nr="3" mi="0" ci="3" mb="0" cb="0"/><line nr="8" mi="0" ci="3" mb="0" cb="0"/><line nr="12" mi="0" ci="4" mb="0" cb="2"/><line nr="13" mi="0" ci="1" mb="0" cb="0"/><line nr="15" mi="0" ci="4" mb="0" cb="2"/><line nr="16" mi="0" ci="1" mb="0" cb="0"/><line nr="18" mi="0" ci="3" mb="0" cb="0"/><line nr="19" mi="0" ci="1" mb="0" cb="0"/><line nr="22" mi="0" ci="4" mb="0" cb="2"/><line nr="23" mi="0" ci="6" mb="0" cb="0"/><line nr="24" mi="0" ci="5" mb="0" cb="2"/><line nr="25" mi="0" ci="3" mb="0" cb="0"/><line nr="26" mi="0" ci="1" mb="0" cb="0"/><line nr="30" mi="0" ci="6" mb="0" cb="0"/><line nr="31" mi="0" ci="5" mb="0" cb="2"/><line nr="32" mi="0" ci="3" mb="0" cb="0"/><line nr="33" mi="0" ci="1" mb="0" cb="0"/><line nr="36" mi="0" ci="2" mb="0" cb="0"/><line nr="40" mi="0" ci="2" mb="0" cb="0"/><line nr="47" mi="0" ci="3" mb="0" cb="0"/><line nr="51" mi="0" ci="4" mb="0" cb="2"/><line nr="52" mi="0" ci="1" mb="0" cb="0"/><line nr="54" mi="0" ci="4" mb="0" cb="2"/><line nr="55" mi="0" ci="1" mb="0" cb="0"/><line nr="57" mi="0" ci="3" mb="0" cb="0"/><line nr="58" mi="0" ci="1" mb="0" cb="0"/><line nr="61" mi="0" ci="4" mb="0" cb="2"/><line nr="62" mi="0" ci="6" mb="0" cb="0"/><line nr="63" mi="0" ci="5" mb="0" cb="2"/><line nr="64" mi="0" ci="3" mb="0" cb="0"/><line nr="65" mi="0" ci="1" mb="0" cb="0"/><line nr="68" mi="0" ci="6" mb="0" cb="0"/><line nr="69" mi="0" ci="5" mb="0" cb="2"/><line nr="70" mi="0" ci="3" mb="0" cb="0"/><line nr="72" mi="0" ci="1" mb="0" cb="0"/><line nr="75" mi="0" ci="2" mb="0" cb="0"/><line nr="79" mi="0" ci="2" mb="0" cb="0"/><counter type="INSTRUCTION" missed="0" covered="113"/><counter type="BRANCH" missed="0" covered="20"/><counter type="LINE" missed="0" covered="37"/><counter type="COMPLEXITY" missed="0" covered="23"/><counter type="METHOD" missed="0" covered="13"/><counter type="CLASS" missed="0" covered="1"/></sourcefile><counter type="INSTRUCTION" missed="0" covered="113"/><counter type="BRANCH" missed="0" covered="20"/><counter type="LINE" missed="0" covered="37"/><counter type="COMPLEXITY" missed="0" covered="23"/><counter type="METHOD" missed="0" covered="13"/><counter type="CLASS" missed="0" covered="1"/></package><counter type="INSTRUCTION" missed="0" covered="113"/><counter type="BRANCH" missed="0" covered="20"/><counter type="LINE" missed="0" covered="37"/><counter type="COMPLEXITY" missed="0" covered="23"/><counter type="METHOD" missed="0" covered="13"/><counter type="CLASS" missed="0" covered="1"/></report>